2016-03-09 19:46:41.637+0000 INFO  [o.n.k.i.f.CommunityFacadeFactory] No locking implementation specified, defaulting to 'community'
2016-03-09 19:46:41.740+0000 INFO  [o.n.k.i.DiagnosticsManager] --- INITIALIZED diagnostics START ---
2016-03-09 19:46:41.740+0000 INFO  [o.n.k.i.DiagnosticsManager] Neo4j Kernel properties:
2016-03-09 19:46:41.740+0000 INFO  [o.n.k.i.DiagnosticsManager] org.neo4j.server.db.tuning.properties=/Users/ian/Desktop/project-repo/constituencies.graphdb/neo4j.properties
2016-03-09 19:46:41.740+0000 INFO  [o.n.k.i.DiagnosticsManager] org.neo4j.server.database.location=/Users/ian/Desktop/project-repo/constituencies.graphdb
2016-03-09 19:46:41.740+0000 INFO  [o.n.k.i.DiagnosticsManager] org.neo4j.server.webserver.port=7474
2016-03-09 19:46:41.740+0000 INFO  [o.n.k.i.DiagnosticsManager] dbms.querylog.filename=data/log/queries.log
2016-03-09 19:46:41.741+0000 INFO  [o.n.k.i.DiagnosticsManager] dbms.security.auth_store.location=/Users/ian/Desktop/project-repo/constituencies.graphdb/./dbms/auth
2016-03-09 19:46:41.741+0000 INFO  [o.n.k.i.DiagnosticsManager] org.neo4j.server.http.log.enabled=false
2016-03-09 19:46:41.741+0000 INFO  [o.n.k.i.DiagnosticsManager] dbms.security.tls_certificate_file=/Users/ian/Desktop/project-repo/constituencies.graphdb/./dbms/ssl/snakeoil.cert
2016-03-09 19:46:41.741+0000 INFO  [o.n.k.i.DiagnosticsManager] org.neo4j.server.webserver.https.port=7473
2016-03-09 19:46:41.741+0000 INFO  [o.n.k.i.DiagnosticsManager] remote_shell_enabled=true
2016-03-09 19:46:41.741+0000 INFO  [o.n.k.i.DiagnosticsManager] edition=Community
2016-03-09 19:46:41.741+0000 INFO  [o.n.k.i.DiagnosticsManager] dbms.security.tls_key_file=/Users/ian/Desktop/project-repo/constituencies.graphdb/./dbms/ssl/snakeoil.key
2016-03-09 19:46:41.741+0000 INFO  [o.n.k.i.DiagnosticsManager] dbms.security.auth_enabled=true
2016-03-09 19:46:41.741+0000 INFO  [o.n.k.i.DiagnosticsManager] Diagnostics providers:
2016-03-09 19:46:41.741+0000 INFO  [o.n.k.i.DiagnosticsManager] org.neo4j.kernel.configuration.Config
2016-03-09 19:46:41.741+0000 INFO  [o.n.k.i.DiagnosticsManager] org.neo4j.kernel.info.DiagnosticsManager
2016-03-09 19:46:41.741+0000 INFO  [o.n.k.i.DiagnosticsManager] SYSTEM_MEMORY
2016-03-09 19:46:41.741+0000 INFO  [o.n.k.i.DiagnosticsManager] JAVA_MEMORY
2016-03-09 19:46:41.741+0000 INFO  [o.n.k.i.DiagnosticsManager] OPERATING_SYSTEM
2016-03-09 19:46:41.742+0000 INFO  [o.n.k.i.DiagnosticsManager] JAVA_VIRTUAL_MACHINE
2016-03-09 19:46:41.742+0000 INFO  [o.n.k.i.DiagnosticsManager] CLASSPATH
2016-03-09 19:46:41.742+0000 INFO  [o.n.k.i.DiagnosticsManager] LIBRARY_PATH
2016-03-09 19:46:41.742+0000 INFO  [o.n.k.i.DiagnosticsManager] SYSTEM_PROPERTIES
2016-03-09 19:46:41.742+0000 INFO  [o.n.k.i.DiagnosticsManager] NETWORK
2016-03-09 19:46:41.742+0000 INFO  [o.n.k.i.DiagnosticsManager] System memory information:
2016-03-09 19:46:41.744+0000 INFO  [o.n.k.i.DiagnosticsManager] Total Physical memory: 16.00 GB
2016-03-09 19:46:41.745+0000 INFO  [o.n.k.i.DiagnosticsManager] Free Physical memory: 10.44 GB
2016-03-09 19:46:41.747+0000 INFO  [o.n.k.i.DiagnosticsManager] Committed virtual memory: 6.97 GB
2016-03-09 19:46:41.748+0000 INFO  [o.n.k.i.DiagnosticsManager] Total swap space: 0.00 B
2016-03-09 19:46:41.749+0000 INFO  [o.n.k.i.DiagnosticsManager] Free swap space: 0.00 B
2016-03-09 19:46:41.749+0000 INFO  [o.n.k.i.DiagnosticsManager] JVM memory information:
2016-03-09 19:46:41.749+0000 INFO  [o.n.k.i.DiagnosticsManager] Free  memory: 172.75 MB
2016-03-09 19:46:41.750+0000 INFO  [o.n.k.i.DiagnosticsManager] Total memory: 245.50 MB
2016-03-09 19:46:41.750+0000 INFO  [o.n.k.i.DiagnosticsManager] Max   memory: 3.56 GB
2016-03-09 19:46:41.756+0000 INFO  [o.n.k.i.DiagnosticsManager] Garbage Collector: PS Scavenge: [PS Eden Space, PS Survivor Space]
2016-03-09 19:46:41.756+0000 INFO  [o.n.k.i.DiagnosticsManager] Garbage Collector: PS MarkSweep: [PS Eden Space, PS Survivor Space, PS Old Gen, PS Perm Gen]
2016-03-09 19:46:41.759+0000 INFO  [o.n.k.i.DiagnosticsManager] Memory Pool: Code Cache (Non-heap memory): committed=2.44 MB, used=970.38 kB, max=48.00 MB, threshold=0.00 B
2016-03-09 19:46:41.759+0000 INFO  [o.n.k.i.DiagnosticsManager] Memory Pool: PS Eden Space (Heap memory): committed=64.50 MB, used=43.40 MB, max=1.31 GB, threshold=?
2016-03-09 19:46:41.760+0000 INFO  [o.n.k.i.DiagnosticsManager] Memory Pool: PS Survivor Space (Heap memory): committed=10.50 MB, used=10.48 MB, max=10.50 MB, threshold=?
2016-03-09 19:46:41.760+0000 INFO  [o.n.k.i.DiagnosticsManager] Memory Pool: PS Old Gen (Heap memory): committed=170.50 MB, used=18.87 MB, max=2.67 GB, threshold=0.00 B
2016-03-09 19:46:41.761+0000 INFO  [o.n.k.i.DiagnosticsManager] Memory Pool: PS Perm Gen (Non-heap memory): committed=21.00 MB, used=20.14 MB, max=82.00 MB, threshold=0.00 B
2016-03-09 19:46:41.761+0000 INFO  [o.n.k.i.DiagnosticsManager] Operating system information:
2016-03-09 19:46:41.763+0000 INFO  [o.n.k.i.DiagnosticsManager] Operating System: Mac OS X; version: 10.11.4; arch: x86_64; cpus: 4
2016-03-09 19:46:41.765+0000 INFO  [o.n.k.i.DiagnosticsManager] Max number of file descriptors: 10240
2016-03-09 19:46:41.766+0000 INFO  [o.n.k.i.DiagnosticsManager] Number of open file descriptors: 42
2016-03-09 19:46:41.778+0000 INFO  [o.n.k.i.DiagnosticsManager] Process id: 749@ianmbp.local
2016-03-09 19:46:41.778+0000 INFO  [o.n.k.i.DiagnosticsManager] Byte order: LITTLE_ENDIAN
2016-03-09 19:46:41.779+0000 INFO  [o.n.k.i.DiagnosticsManager] Local timezone: Europe/Dublin
2016-03-09 19:46:41.779+0000 INFO  [o.n.k.i.DiagnosticsManager] JVM information:
2016-03-09 19:46:41.779+0000 INFO  [o.n.k.i.DiagnosticsManager] VM Name: Java HotSpot(TM) 64-Bit Server VM
2016-03-09 19:46:41.779+0000 INFO  [o.n.k.i.DiagnosticsManager] VM Vendor: Oracle Corporation
2016-03-09 19:46:41.779+0000 INFO  [o.n.k.i.DiagnosticsManager] VM Version: 24.80-b11
2016-03-09 19:46:41.779+0000 INFO  [o.n.k.i.DiagnosticsManager] JIT compiler: HotSpot 64-Bit Tiered Compilers
2016-03-09 19:46:41.781+0000 INFO  [o.n.k.i.DiagnosticsManager] VM Arguments: [-Dfile.encoding=UTF-8, -Dinstall4j.launcherId=24, -Dinstall4j.swt=false, -Dexe4j.moduleName=/Applications/Neo4j Community Edition.app, -Di4j.ownBundlePath=/Applications/Neo4j Community Edition.app, -Di4j.jreBundle=/Applications/Neo4j Community Edition.app/Contents/Resources/jre.bundle]
2016-03-09 19:46:41.781+0000 INFO  [o.n.k.i.DiagnosticsManager] Java classpath:
2016-03-09 19:46:41.782+0000 INFO  [o.n.k.i.DiagnosticsManager]  [loader.1] file:/Applications/Neo4j%20Community%20Edition.app/Contents/Resources/jre.bundle/Contents/Home/jre/lib/ext/localedata.jar
2016-03-09 19:46:41.782+0000 INFO  [o.n.k.i.DiagnosticsManager]  [bootstrap] /Applications/Neo4j Community Edition.app/Contents/Resources/jre.bundle/Contents/Home/jre/lib/sunrsasign.jar
2016-03-09 19:46:41.782+0000 INFO  [o.n.k.i.DiagnosticsManager]  [bootstrap] /Applications/Neo4j Community Edition.app/Contents/Resources/jre.bundle/Contents/Home/jre/lib/jce.jar
2016-03-09 19:46:41.782+0000 INFO  [o.n.k.i.DiagnosticsManager]  [loader.0] file:/Applications/Neo4j%20Community%20Edition.app/Contents/Resources/app/.install4j/i4jruntime.jar
2016-03-09 19:46:41.782+0000 INFO  [o.n.k.i.DiagnosticsManager]  [bootstrap] /Applications/Neo4j Community Edition.app/Contents/Resources/jre.bundle/Contents/Home/jre/lib/rt.jar
2016-03-09 19:46:41.782+0000 INFO  [o.n.k.i.DiagnosticsManager]  [loader.0] file:/Applications/Neo4j%20Community%20Edition.app/Contents/Resources/app/bin/neo4j-desktop-2.3.0.jar
2016-03-09 19:46:41.782+0000 INFO  [o.n.k.i.DiagnosticsManager]  [loader.1] file:/System/Library/Java/Extensions/MRJToolkit.jar
2016-03-09 19:46:41.782+0000 INFO  [o.n.k.i.DiagnosticsManager]  [loader.1] file:/Applications/Neo4j%20Community%20Edition.app/Contents/Resources/jre.bundle/Contents/Home/jre/lib/ext/sunjce_provider.jar
2016-03-09 19:46:41.782+0000 INFO  [o.n.k.i.DiagnosticsManager]  [loader.1] file:/Applications/Neo4j%20Community%20Edition.app/Contents/Resources/jre.bundle/Contents/Home/jre/lib/ext/dnsns.jar
2016-03-09 19:46:41.782+0000 INFO  [o.n.k.i.DiagnosticsManager]  [loader.1] file:/Applications/Neo4j%20Community%20Edition.app/Contents/Resources/jre.bundle/Contents/Home/jre/lib/ext/sunec.jar
2016-03-09 19:46:41.782+0000 INFO  [o.n.k.i.DiagnosticsManager]  [loader.1] file:/Applications/Neo4j%20Community%20Edition.app/Contents/Resources/jre.bundle/Contents/Home/jre/lib/ext/zipfs.jar
2016-03-09 19:46:41.782+0000 INFO  [o.n.k.i.DiagnosticsManager]  [loader.1] file:/Applications/Neo4j%20Community%20Edition.app/Contents/Resources/jre.bundle/Contents/Home/jre/lib/ext/sunpkcs11.jar
2016-03-09 19:46:41.782+0000 INFO  [o.n.k.i.DiagnosticsManager]  [classpath] /Applications/Neo4j Community Edition.app/Contents/Resources/app/.install4j/i4jruntime.jar
2016-03-09 19:46:41.782+0000 INFO  [o.n.k.i.DiagnosticsManager]  [bootstrap] /Applications/Neo4j Community Edition.app/Contents/Resources/jre.bundle/Contents/Home/jre/classes
2016-03-09 19:46:41.782+0000 INFO  [o.n.k.i.DiagnosticsManager]  [bootstrap] /Applications/Neo4j Community Edition.app/Contents/Resources/jre.bundle/Contents/Home/jre/lib/jsse.jar
2016-03-09 19:46:41.782+0000 INFO  [o.n.k.i.DiagnosticsManager]  [bootstrap] /Applications/Neo4j Community Edition.app/Contents/Resources/jre.bundle/Contents/Home/jre/lib/charsets.jar
2016-03-09 19:46:41.783+0000 INFO  [o.n.k.i.DiagnosticsManager]  [classpath] /Applications/Neo4j Community Edition.app/Contents/Resources/app/bin/neo4j-desktop-2.3.0.jar
2016-03-09 19:46:41.783+0000 INFO  [o.n.k.i.DiagnosticsManager]  [bootstrap] /Applications/Neo4j Community Edition.app/Contents/Resources/jre.bundle/Contents/Home/jre/lib/resources.jar
2016-03-09 19:46:41.783+0000 INFO  [o.n.k.i.DiagnosticsManager]  [bootstrap] /Applications/Neo4j Community Edition.app/Contents/Resources/jre.bundle/Contents/Home/jre/lib/jfr.jar
2016-03-09 19:46:41.783+0000 INFO  [o.n.k.i.DiagnosticsManager] Library path:
2016-03-09 19:46:41.783+0000 INFO  [o.n.k.i.DiagnosticsManager] /Users/ian/Library/Java/Extensions
2016-03-09 19:46:41.783+0000 INFO  [o.n.k.i.DiagnosticsManager] /Library/Java/Extensions
2016-03-09 19:46:41.783+0000 INFO  [o.n.k.i.DiagnosticsManager] /Network/Library/Java/Extensions
2016-03-09 19:46:41.783+0000 INFO  [o.n.k.i.DiagnosticsManager] /System/Library/Java/Extensions
2016-03-09 19:46:41.783+0000 INFO  [o.n.k.i.DiagnosticsManager] /usr/lib/java
2016-03-09 19:46:41.783+0000 INFO  [o.n.k.i.DiagnosticsManager] /Applications/Neo4j Community Edition.app/Contents/Resources/app/bin
2016-03-09 19:46:41.783+0000 INFO  [o.n.k.i.DiagnosticsManager] System.properties:
2016-03-09 19:46:41.783+0000 INFO  [o.n.k.i.DiagnosticsManager] exe4j.moduleName = /Applications/Neo4j Community Edition.app
2016-03-09 19:46:41.783+0000 INFO  [o.n.k.i.DiagnosticsManager] sun.boot.library.path = /Applications/Neo4j Community Edition.app/Contents/Resources/jre.bundle/Contents/Home/jre/lib
2016-03-09 19:46:41.783+0000 INFO  [o.n.k.i.DiagnosticsManager] user.country.format = IE
2016-03-09 19:46:41.783+0000 INFO  [o.n.k.i.DiagnosticsManager] i4j.jreBundle = /Applications/Neo4j Community Edition.app/Contents/Resources/jre.bundle
2016-03-09 19:46:41.784+0000 INFO  [o.n.k.i.DiagnosticsManager] gopherProxySet = false
2016-03-09 19:46:41.784+0000 INFO  [o.n.k.i.DiagnosticsManager] path.separator = :
2016-03-09 19:46:41.784+0000 INFO  [o.n.k.i.DiagnosticsManager] file.encoding.pkg = sun.io
2016-03-09 19:46:41.784+0000 INFO  [o.n.k.i.DiagnosticsManager] user.country = US
2016-03-09 19:46:41.784+0000 INFO  [o.n.k.i.DiagnosticsManager] sun.java.launcher = SUN_STANDARD
2016-03-09 19:46:41.784+0000 INFO  [o.n.k.i.DiagnosticsManager] sun.os.patch.level = unknown
2016-03-09 19:46:41.784+0000 INFO  [o.n.k.i.DiagnosticsManager] install4j.exeDir = /Applications/
2016-03-09 19:46:41.784+0000 INFO  [o.n.k.i.DiagnosticsManager] user.dir = /Applications/Neo4j Community Edition.app/Contents/Resources/app/bin
2016-03-09 19:46:41.784+0000 INFO  [o.n.k.i.DiagnosticsManager] neo4j.ext.udc.source = desktop
2016-03-09 19:46:41.784+0000 INFO  [o.n.k.i.DiagnosticsManager] i4j.ownBundlePath = /Applications/Neo4j Community Edition.app
2016-03-09 19:46:41.784+0000 INFO  [o.n.k.i.DiagnosticsManager] sun.jnu.encoding = UTF-8
2016-03-09 19:46:41.784+0000 INFO  [o.n.k.i.DiagnosticsManager] sun.awt.enableExtraMouseButtons = true
2016-03-09 19:46:41.784+0000 INFO  [o.n.k.i.DiagnosticsManager] install4j.launcherId = 24
2016-03-09 19:46:41.784+0000 INFO  [o.n.k.i.DiagnosticsManager] sun.management.compiler = HotSpot 64-Bit Tiered Compilers
2016-03-09 19:46:41.784+0000 INFO  [o.n.k.i.DiagnosticsManager] install4j.swt = false
2016-03-09 19:46:41.784+0000 INFO  [o.n.k.i.DiagnosticsManager] apple.awt.fileDialogForDirectories = false
2016-03-09 19:46:41.784+0000 INFO  [o.n.k.i.DiagnosticsManager] http.nonProxyHosts = local|*.local|169.254/16|*.169.254/16
2016-03-09 19:46:41.784+0000 INFO  [o.n.k.i.DiagnosticsManager] user.home = /Users/ian
2016-03-09 19:46:41.784+0000 INFO  [o.n.k.i.DiagnosticsManager] user.timezone = Europe/Dublin
2016-03-09 19:46:41.784+0000 INFO  [o.n.k.i.DiagnosticsManager] file.encoding = UTF-8
2016-03-09 19:46:41.785+0000 INFO  [o.n.k.i.DiagnosticsManager] user.name = ian
2016-03-09 19:46:41.785+0000 INFO  [o.n.k.i.DiagnosticsManager] sun.java.command = com.install4j.runtime.launcher.MacLauncher
2016-03-09 19:46:41.785+0000 INFO  [o.n.k.i.DiagnosticsManager] sun.arch.data.model = 64
2016-03-09 19:46:41.785+0000 INFO  [o.n.k.i.DiagnosticsManager] user.language = en
2016-03-09 19:46:41.785+0000 INFO  [o.n.k.i.DiagnosticsManager] awt.toolkit = sun.lwawt.macosx.LWCToolkit
2016-03-09 19:46:41.785+0000 INFO  [o.n.k.i.DiagnosticsManager] install4j.appDir = /Applications/Neo4j Community Edition.app/Contents/Resources/app/
2016-03-09 19:46:41.785+0000 INFO  [o.n.k.i.DiagnosticsManager] file.separator = /
2016-03-09 19:46:41.785+0000 INFO  [o.n.k.i.DiagnosticsManager] sun.font.fontmanager = sun.font.CFontManager
2016-03-09 19:46:41.785+0000 INFO  [o.n.k.i.DiagnosticsManager] sun.io.unicode.encoding = UnicodeBig
2016-03-09 19:46:41.785+0000 INFO  [o.n.k.i.DiagnosticsManager] sun.cpu.endian = little
2016-03-09 19:46:41.785+0000 INFO  [o.n.k.i.DiagnosticsManager] socksNonProxyHosts = local|*.local|169.254/16|*.169.254/16
2016-03-09 19:46:41.785+0000 INFO  [o.n.k.i.DiagnosticsManager] ftp.nonProxyHosts = local|*.local|169.254/16|*.169.254/16
2016-03-09 19:46:41.785+0000 INFO  [o.n.k.i.DiagnosticsManager] sun.cpu.isalist = 
2016-03-09 19:46:41.785+0000 INFO  [o.n.k.i.DiagnosticsManager] Network information:
2016-03-09 19:46:41.793+0000 INFO  [o.n.k.i.DiagnosticsManager] Interface awdl0:
2016-03-09 19:46:41.794+0000 INFO  [o.n.k.i.DiagnosticsManager]     address: fe80:0:0:0:c8b1:edff:fe66:2000%8
2016-03-09 19:46:41.794+0000 INFO  [o.n.k.i.DiagnosticsManager] Interface en0:
2016-03-09 19:46:41.794+0000 INFO  [o.n.k.i.DiagnosticsManager]     address: fe80:0:0:0:a299:9bff:fe0b:5d15%4
2016-03-09 19:46:41.795+0000 INFO  [o.n.k.i.DiagnosticsManager]     address: 192.168.1.56
2016-03-09 19:46:41.795+0000 INFO  [o.n.k.i.DiagnosticsManager] Interface lo0:
2016-03-09 19:46:41.795+0000 INFO  [o.n.k.i.DiagnosticsManager]     address: fe80:0:0:0:0:0:0:1%1
2016-03-09 19:46:41.795+0000 INFO  [o.n.k.i.DiagnosticsManager]     address: 0:0:0:0:0:0:0:1
2016-03-09 19:46:41.795+0000 INFO  [o.n.k.i.DiagnosticsManager]     address: 127.0.0.1
2016-03-09 19:46:41.795+0000 INFO  [o.n.k.i.DiagnosticsManager] --- INITIALIZED diagnostics END ---
2016-03-09 19:46:42.245+0000 INFO  [o.n.k.a.i.i.LuceneLabelScanStore] No lucene scan store index found, this might just be first use. Preparing to rebuild.
2016-03-09 19:46:42.326+0000 INFO  [o.n.k.NeoStoreDataSource] Opened logical log [/Users/ian/Desktop/project-repo/constituencies.graphdb/neostore.transaction.db.0] version=0, lastTxId=1 (clean)
2016-03-09 19:46:42.332+0000 WARN  [o.n.k.i.s.MetaDataStore] Missing counts store, rebuilding it.
2016-03-09 19:46:42.432+0000 INFO  [o.n.k.a.i.i.LuceneLabelScanStore] Rebuilding lucene scan store, this may take a while
2016-03-09 19:46:42.499+0000 INFO  [o.n.k.a.i.i.LuceneLabelScanStore] Lucene scan store rebuilt (roughly -1 nodes)
2016-03-09 19:46:42.505+0000 INFO  [o.n.k.KernelHealth] Kernel health set to OK
2016-03-09 19:46:43.412+0000 INFO  [o.n.k.i.f.CommunityFacadeFactory] Database is now ready
2016-03-09 19:46:43.414+0000 INFO  [o.n.k.i.DiagnosticsManager] --- STARTED diagnostics for KernelDiagnostics:Versions START ---
2016-03-09 19:46:43.414+0000 INFO  [o.n.k.i.DiagnosticsManager] Graph Database: Community StoreId{creationTime=1457552802092, randomId=1977946274690558294, storeVersion=15250506225055238, upgradeTime=1457552802092, upgradeId=1}
2016-03-09 19:46:43.414+0000 INFO  [o.n.k.i.DiagnosticsManager] Kernel version: 2.3.0
2016-03-09 19:46:43.414+0000 INFO  [o.n.k.i.DiagnosticsManager] --- STARTED diagnostics for KernelDiagnostics:Versions END ---
2016-03-09 19:46:43.417+0000 INFO  [o.n.k.i.DiagnosticsManager] --- STARTED diagnostics for NEO_STORE_VERSIONS START ---
2016-03-09 19:46:43.417+0000 INFO  [o.n.k.i.DiagnosticsManager] Store versions:
2016-03-09 19:46:43.417+0000 INFO  [o.n.k.i.DiagnosticsManager] Store versions:
2016-03-09 19:46:43.417+0000 INFO  [o.n.k.i.DiagnosticsManager] ArrayPropertyStore v0.A.6
2016-03-09 19:46:43.418+0000 INFO  [o.n.k.i.DiagnosticsManager] NodeStore v0.A.6
2016-03-09 19:46:43.418+0000 INFO  [o.n.k.i.DiagnosticsManager] StringPropertyStore v0.A.6
2016-03-09 19:46:43.418+0000 INFO  [o.n.k.i.DiagnosticsManager] PropertyIndexStore v0.A.6
2016-03-09 19:46:43.418+0000 INFO  [o.n.k.i.DiagnosticsManager] StringPropertyStore v0.A.6
2016-03-09 19:46:43.418+0000 INFO  [o.n.k.i.DiagnosticsManager] ArrayPropertyStore v0.A.6
2016-03-09 19:46:43.418+0000 INFO  [o.n.k.i.DiagnosticsManager] PropertyStore v0.A.6
2016-03-09 19:46:43.418+0000 INFO  [o.n.k.i.DiagnosticsManager] RelationshipStore v0.A.6
2016-03-09 19:46:43.418+0000 INFO  [o.n.k.i.DiagnosticsManager] StringPropertyStore v0.A.6
2016-03-09 19:46:43.418+0000 INFO  [o.n.k.i.DiagnosticsManager] RelationshipTypeStore v0.A.6
2016-03-09 19:46:43.418+0000 INFO  [o.n.k.i.DiagnosticsManager] StringPropertyStore v0.A.6
2016-03-09 19:46:43.418+0000 INFO  [o.n.k.i.DiagnosticsManager] LabelTokenStore v0.A.6
2016-03-09 19:46:43.419+0000 INFO  [o.n.k.i.DiagnosticsManager] SchemaStore v0.A.6
2016-03-09 19:46:43.419+0000 INFO  [o.n.k.i.DiagnosticsManager] RelationshipGroupStore v0.A.6
2016-03-09 19:46:43.419+0000 INFO  [o.n.k.i.DiagnosticsManager] NeoStore v0.A.6
2016-03-09 19:46:43.419+0000 INFO  [o.n.k.i.DiagnosticsManager] --- STARTED diagnostics for NEO_STORE_VERSIONS END ---
2016-03-09 19:46:43.419+0000 INFO  [o.n.k.i.DiagnosticsManager] --- STARTED diagnostics for NEO_STORE_ID_USAGE START ---
2016-03-09 19:46:43.419+0000 INFO  [o.n.k.i.DiagnosticsManager] Id usage:
2016-03-09 19:46:43.419+0000 INFO  [o.n.k.i.DiagnosticsManager] Id usage:
2016-03-09 19:46:43.419+0000 INFO  [o.n.k.i.DiagnosticsManager]   ArrayPropertyStore v0.A.6: used=1 high=0
2016-03-09 19:46:43.420+0000 INFO  [o.n.k.i.DiagnosticsManager]   NodeStore v0.A.6: used=0 high=-1
2016-03-09 19:46:43.420+0000 INFO  [o.n.k.i.DiagnosticsManager]   StringPropertyStore v0.A.6: used=1 high=0
2016-03-09 19:46:43.420+0000 INFO  [o.n.k.i.DiagnosticsManager]   PropertyIndexStore v0.A.6: used=0 high=-1
2016-03-09 19:46:43.420+0000 INFO  [o.n.k.i.DiagnosticsManager]   StringPropertyStore v0.A.6: used=1 high=0
2016-03-09 19:46:43.420+0000 INFO  [o.n.k.i.DiagnosticsManager]   ArrayPropertyStore v0.A.6: used=1 high=0
2016-03-09 19:46:43.421+0000 INFO  [o.n.k.i.DiagnosticsManager]   PropertyStore v0.A.6: used=0 high=-1
2016-03-09 19:46:43.421+0000 INFO  [o.n.k.i.DiagnosticsManager]   RelationshipStore v0.A.6: used=0 high=-1
2016-03-09 19:46:43.421+0000 INFO  [o.n.k.i.DiagnosticsManager]   StringPropertyStore v0.A.6: used=1 high=0
2016-03-09 19:46:43.421+0000 INFO  [o.n.k.i.DiagnosticsManager]   RelationshipTypeStore v0.A.6: used=0 high=-1
2016-03-09 19:46:43.421+0000 INFO  [o.n.k.i.DiagnosticsManager]   StringPropertyStore v0.A.6: used=1 high=0
2016-03-09 19:46:43.422+0000 INFO  [o.n.k.i.DiagnosticsManager]   LabelTokenStore v0.A.6: used=0 high=-1
2016-03-09 19:46:43.422+0000 INFO  [o.n.k.i.DiagnosticsManager]   SchemaStore v0.A.6: used=1 high=0
2016-03-09 19:46:43.422+0000 INFO  [o.n.k.i.DiagnosticsManager]   RelationshipGroupStore v0.A.6: used=1 high=0
2016-03-09 19:46:43.422+0000 INFO  [o.n.k.i.DiagnosticsManager]   NeoStore v0.A.6: used=13 high=12
2016-03-09 19:46:43.422+0000 INFO  [o.n.k.i.DiagnosticsManager] --- STARTED diagnostics for NEO_STORE_ID_USAGE END ---
2016-03-09 19:46:43.422+0000 INFO  [o.n.k.i.DiagnosticsManager] --- STARTED diagnostics for NEO_STORE_RECORDS START ---
2016-03-09 19:46:43.423+0000 INFO  [o.n.k.i.DiagnosticsManager] Neostore records:
2016-03-09 19:46:43.423+0000 INFO  [o.n.k.i.DiagnosticsManager] TIME (Creation time): 1457552802092
2016-03-09 19:46:43.423+0000 INFO  [o.n.k.i.DiagnosticsManager] RANDOM_NUMBER (Random number for store id): 1977946274690558294
2016-03-09 19:46:43.423+0000 INFO  [o.n.k.i.DiagnosticsManager] LOG_VERSION (Current log version): 0
2016-03-09 19:46:43.423+0000 INFO  [o.n.k.i.DiagnosticsManager] LAST_TRANSACTION_ID (Last committed transaction): 1
2016-03-09 19:46:43.423+0000 INFO  [o.n.k.i.DiagnosticsManager] STORE_VERSION (Store format version): 15250506225055238
2016-03-09 19:46:43.423+0000 INFO  [o.n.k.i.DiagnosticsManager] FIRST_GRAPH_PROPERTY (First property record containing graph properties): -1
2016-03-09 19:46:43.423+0000 INFO  [o.n.k.i.DiagnosticsManager] LAST_CONSTRAINT_TRANSACTION (Last committed transaction containing constraint changes): 0
2016-03-09 19:46:43.424+0000 INFO  [o.n.k.i.DiagnosticsManager] UPGRADE_TRANSACTION_ID (Transaction id most recent upgrade was performed at): 1
2016-03-09 19:46:43.424+0000 INFO  [o.n.k.i.DiagnosticsManager] UPGRADE_TIME (Time of last upgrade): 1457552802092
2016-03-09 19:46:43.424+0000 INFO  [o.n.k.i.DiagnosticsManager] LAST_TRANSACTION_CHECKSUM (Checksum of last committed transaction): 0
2016-03-09 19:46:43.424+0000 INFO  [o.n.k.i.DiagnosticsManager] UPGRADE_TRANSACTION_CHECKSUM (Checksum of transaction id the most recent upgrade was performed at): 0
2016-03-09 19:46:43.424+0000 INFO  [o.n.k.i.DiagnosticsManager] LAST_CLOSED_TRANSACTION_LOG_VERSION (Log version where the last transaction commit entry has been written into): 0
2016-03-09 19:46:43.424+0000 INFO  [o.n.k.i.DiagnosticsManager] LAST_CLOSED_TRANSACTION_LOG_BYTE_OFFSET (Byte offset in the log file where the last transaction commit entry has been written into): 16
2016-03-09 19:46:43.424+0000 INFO  [o.n.k.i.DiagnosticsManager] --- STARTED diagnostics for NEO_STORE_RECORDS END ---
2016-03-09 19:46:43.424+0000 INFO  [o.n.k.i.DiagnosticsManager] --- STARTED diagnostics for TRANSACTION_RANGE START ---
2016-03-09 19:46:43.424+0000 INFO  [o.n.k.i.DiagnosticsManager] Transaction log:
2016-03-09 19:46:43.425+0000 INFO  [o.n.k.i.DiagnosticsManager] No transactions found in any log
2016-03-09 19:46:43.425+0000 INFO  [o.n.k.i.DiagnosticsManager] --- STARTED diagnostics for TRANSACTION_RANGE END ---
2016-03-09 19:46:43.425+0000 INFO  [o.n.k.i.DiagnosticsManager] --- STARTED diagnostics for KernelDiagnostics:StoreFiles START ---
2016-03-09 19:46:43.425+0000 INFO  [o.n.k.i.DiagnosticsManager] Disk space on partition (Total / Free / Free %): 120108089344 / 10411618304 / 8
Storage files: (filename : modification date - size)
2016-03-09 19:46:43.426+0000 INFO  [o.n.k.i.DiagnosticsManager]   dbms:
2016-03-09 19:46:43.426+0000 INFO  [o.n.k.i.DiagnosticsManager]     ssl:
2016-03-09 19:46:43.427+0000 INFO  [o.n.k.i.DiagnosticsManager]       snakeoil.cert: 2016-03-09T19:46:41+0000 - 630.00 B
2016-03-09 19:46:43.427+0000 INFO  [o.n.k.i.DiagnosticsManager]       snakeoil.key: 2016-03-09T19:46:41+0000 - 914.00 B
2016-03-09 19:46:43.427+0000 INFO  [o.n.k.i.DiagnosticsManager]     - Total: 2016-03-09T19:46:41+0000 - 1.51 kB
2016-03-09 19:46:43.428+0000 INFO  [o.n.k.i.DiagnosticsManager]   - Total: 2016-03-09T19:46:41+0000 - 1.51 kB
2016-03-09 19:46:43.428+0000 INFO  [o.n.k.i.DiagnosticsManager]   index:
2016-03-09 19:46:43.428+0000 INFO  [o.n.k.i.DiagnosticsManager]   - Total: 2016-03-09T19:46:42+0000 - 0.00 B
2016-03-09 19:46:43.428+0000 INFO  [o.n.k.i.DiagnosticsManager]   messages.log: 2016-03-09T19:46:43+0000 - 23.74 kB
2016-03-09 19:46:43.429+0000 INFO  [o.n.k.i.DiagnosticsManager]   neo4j.properties: 2016-03-09T19:46:40+0000 - 1.27 kB
2016-03-09 19:46:43.429+0000 INFO  [o.n.k.i.DiagnosticsManager]   neostore: 2016-03-09T19:46:42+0000 - 8.00 kB
2016-03-09 19:46:43.429+0000 INFO  [o.n.k.i.DiagnosticsManager]   neostore.counts.db.a: 2016-03-09T19:46:42+0000 - 96.00 B
2016-03-09 19:46:43.430+0000 INFO  [o.n.k.i.DiagnosticsManager]   neostore.id: 2016-03-09T19:46:42+0000 - 9.00 B
2016-03-09 19:46:43.430+0000 INFO  [o.n.k.i.DiagnosticsManager]   neostore.labeltokenstore.db: 2016-03-09T19:46:42+0000 - 0.00 B
2016-03-09 19:46:43.430+0000 INFO  [o.n.k.i.DiagnosticsManager]   neostore.labeltokenstore.db.id: 2016-03-09T19:46:42+0000 - 9.00 B
2016-03-09 19:46:43.431+0000 INFO  [o.n.k.i.DiagnosticsManager]   neostore.labeltokenstore.db.names: 2016-03-09T19:46:42+0000 - 8.00 kB
2016-03-09 19:46:43.431+0000 INFO  [o.n.k.i.DiagnosticsManager]   neostore.labeltokenstore.db.names.id: 2016-03-09T19:46:42+0000 - 9.00 B
2016-03-09 19:46:43.431+0000 INFO  [o.n.k.i.DiagnosticsManager]   neostore.nodestore.db: 2016-03-09T19:46:41+0000 - 0.00 B
2016-03-09 19:46:43.432+0000 INFO  [o.n.k.i.DiagnosticsManager]   neostore.nodestore.db.id: 2016-03-09T19:46:41+0000 - 9.00 B
2016-03-09 19:46:43.432+0000 INFO  [o.n.k.i.DiagnosticsManager]   neostore.nodestore.db.labels: 2016-03-09T19:46:41+0000 - 8.00 kB
2016-03-09 19:46:43.432+0000 INFO  [o.n.k.i.DiagnosticsManager]   neostore.nodestore.db.labels.id: 2016-03-09T19:46:41+0000 - 9.00 B
2016-03-09 19:46:43.432+0000 INFO  [o.n.k.i.DiagnosticsManager]   neostore.propertystore.db: 2016-03-09T19:46:42+0000 - 0.00 B
2016-03-09 19:46:43.433+0000 INFO  [o.n.k.i.DiagnosticsManager]   neostore.propertystore.db.arrays: 2016-03-09T19:46:42+0000 - 8.00 kB
2016-03-09 19:46:43.433+0000 INFO  [o.n.k.i.DiagnosticsManager]   neostore.propertystore.db.arrays.id: 2016-03-09T19:46:42+0000 - 9.00 B
2016-03-09 19:46:43.433+0000 INFO  [o.n.k.i.DiagnosticsManager]   neostore.propertystore.db.id: 2016-03-09T19:46:42+0000 - 9.00 B
2016-03-09 19:46:43.433+0000 INFO  [o.n.k.i.DiagnosticsManager]   neostore.propertystore.db.index: 2016-03-09T19:46:42+0000 - 0.00 B
2016-03-09 19:46:43.433+0000 INFO  [o.n.k.i.DiagnosticsManager]   neostore.propertystore.db.index.id: 2016-03-09T19:46:42+0000 - 9.00 B
2016-03-09 19:46:43.434+0000 INFO  [o.n.k.i.DiagnosticsManager]   neostore.propertystore.db.index.keys: 2016-03-09T19:46:42+0000 - 8.00 kB
2016-03-09 19:46:43.434+0000 INFO  [o.n.k.i.DiagnosticsManager]   neostore.propertystore.db.index.keys.id: 2016-03-09T19:46:42+0000 - 9.00 B
2016-03-09 19:46:43.434+0000 INFO  [o.n.k.i.DiagnosticsManager]   neostore.propertystore.db.strings: 2016-03-09T19:46:42+0000 - 8.00 kB
2016-03-09 19:46:43.434+0000 INFO  [o.n.k.i.DiagnosticsManager]   neostore.propertystore.db.strings.id: 2016-03-09T19:46:42+0000 - 9.00 B
2016-03-09 19:46:43.435+0000 INFO  [o.n.k.i.DiagnosticsManager]   neostore.relationshipgroupstore.db: 2016-03-09T19:46:42+0000 - 8.00 kB
2016-03-09 19:46:43.435+0000 INFO  [o.n.k.i.DiagnosticsManager]   neostore.relationshipgroupstore.db.id: 2016-03-09T19:46:42+0000 - 9.00 B
2016-03-09 19:46:43.435+0000 INFO  [o.n.k.i.DiagnosticsManager]   neostore.relationshipstore.db: 2016-03-09T19:46:42+0000 - 0.00 B
2016-03-09 19:46:43.436+0000 INFO  [o.n.k.i.DiagnosticsManager]   neostore.relationshipstore.db.id: 2016-03-09T19:46:42+0000 - 9.00 B
2016-03-09 19:46:43.436+0000 INFO  [o.n.k.i.DiagnosticsManager]   neostore.relationshiptypestore.db: 2016-03-09T19:46:42+0000 - 0.00 B
2016-03-09 19:46:43.436+0000 INFO  [o.n.k.i.DiagnosticsManager]   neostore.relationshiptypestore.db.id: 2016-03-09T19:46:42+0000 - 9.00 B
2016-03-09 19:46:43.437+0000 INFO  [o.n.k.i.DiagnosticsManager]   neostore.relationshiptypestore.db.names: 2016-03-09T19:46:42+0000 - 8.00 kB
2016-03-09 19:46:43.437+0000 INFO  [o.n.k.i.DiagnosticsManager]   neostore.relationshiptypestore.db.names.id: 2016-03-09T19:46:42+0000 - 9.00 B
2016-03-09 19:46:43.437+0000 INFO  [o.n.k.i.DiagnosticsManager]   neostore.schemastore.db: 2016-03-09T19:46:42+0000 - 8.00 kB
2016-03-09 19:46:43.437+0000 INFO  [o.n.k.i.DiagnosticsManager]   neostore.schemastore.db.id: 2016-03-09T19:46:42+0000 - 9.00 B
2016-03-09 19:46:43.438+0000 INFO  [o.n.k.i.DiagnosticsManager]   neostore.transaction.db.0: 2016-03-09T19:46:42+0000 - 16.00 B
2016-03-09 19:46:43.438+0000 INFO  [o.n.k.i.DiagnosticsManager]   schema:
2016-03-09 19:46:43.438+0000 INFO  [o.n.k.i.DiagnosticsManager]     label:
2016-03-09 19:46:43.438+0000 INFO  [o.n.k.i.DiagnosticsManager]       lucene:
2016-03-09 19:46:43.438+0000 INFO  [o.n.k.i.DiagnosticsManager]         write.lock: 2016-03-09T19:46:42+0000 - 0.00 B
2016-03-09 19:46:43.438+0000 INFO  [o.n.k.i.DiagnosticsManager]       - Total: 2016-03-09T19:46:42+0000 - 0.00 B
2016-03-09 19:46:43.439+0000 INFO  [o.n.k.i.DiagnosticsManager]     - Total: 2016-03-09T19:46:42+0000 - 0.00 B
2016-03-09 19:46:43.439+0000 INFO  [o.n.k.i.DiagnosticsManager]   - Total: 2016-03-09T19:46:42+0000 - 0.00 B
2016-03-09 19:46:43.439+0000 INFO  [o.n.k.i.DiagnosticsManager]   store_lock: 2016-03-09T19:46:41+0000 - 0.00 B
2016-03-09 19:46:43.439+0000 INFO  [o.n.k.i.DiagnosticsManager] --- STARTED diagnostics for KernelDiagnostics:StoreFiles END ---
2016-03-09 19:46:45.028+0000 INFO  [o.n.k.i.DiagnosticsManager] --- SERVER STARTED START ---
2016-03-09 19:46:46.561+0000 INFO  [o.n.k.i.DiagnosticsManager] --- SERVER STARTED END ---
2016-03-09 19:46:54.861+0000 INFO  [o.n.k.i.f.GraphDatabaseFacade] Shutdown started
2016-03-09 19:46:54.861+0000 INFO  [o.n.k.i.f.CommunityFacadeFactory] Database is now unavailable
2016-03-09 19:46:54.867+0000 INFO  [o.n.k.i.t.l.c.CheckPointerImpl] Check Pointing triggered by database shutdown [1]:  Starting check pointing...
2016-03-09 19:46:54.867+0000 INFO  [o.n.k.i.t.l.c.CheckPointerImpl] Check Pointing triggered by database shutdown [1]:  Starting store flush...
2016-03-09 19:46:54.867+0000 INFO  [o.n.k.i.t.l.c.CheckPointerImpl] Check Pointing triggered by database shutdown [1]:  Store flush completed
2016-03-09 19:46:54.867+0000 INFO  [o.n.k.i.t.l.c.CheckPointerImpl] Check Pointing triggered by database shutdown [1]:  Starting appending check point entry into the tx log...
2016-03-09 19:46:54.886+0000 INFO  [o.n.k.i.t.l.c.CheckPointerImpl] Check Pointing triggered by database shutdown [1]:  Appending check point entry into the tx log completed
2016-03-09 19:46:54.886+0000 INFO  [o.n.k.i.t.l.c.CheckPointerImpl] Check Pointing triggered by database shutdown [1]:  Check pointing completed
2016-03-09 19:46:54.887+0000 INFO  [o.n.k.i.t.l.p.LogPruningImpl] Log Rotation [0]:  Starting log pruning.
2016-03-09 19:46:54.887+0000 INFO  [o.n.k.i.t.l.p.LogPruningImpl] Log Rotation [0]:  Log pruning complete.
2016-03-09 19:46:54.896+0000 INFO  [o.n.k.NeoStoreDataSource] NeoStores closed
2016-03-09 19:46:54.896+0000 INFO  [o.n.k.i.DiagnosticsManager] --- STOPPING diagnostics START ---
2016-03-09 19:46:54.896+0000 INFO  [o.n.k.i.DiagnosticsManager] --- STOPPING diagnostics END ---
2016-04-11 18:57:25.174+0000 INFO  [o.n.k.i.f.CommunityFacadeFactory] No locking implementation specified, defaulting to 'community'
2016-04-11 18:57:25.181+0000 INFO  [o.n.k.AvailabilityGuard] Requirement makes database unavailable: Database available
2016-04-11 18:57:25.183+0000 INFO  [o.n.k.i.DiagnosticsManager] --- INITIALIZED diagnostics START ---
2016-04-11 18:57:25.183+0000 INFO  [o.n.k.i.DiagnosticsManager] Neo4j Kernel properties:
2016-04-11 18:57:25.183+0000 INFO  [o.n.k.i.DiagnosticsManager] org.neo4j.server.db.tuning.properties=\\Gwscistud\stud\G00297086\Documents\GitHub\project-template\constituencies.graphdb\neo4j.properties
2016-04-11 18:57:25.183+0000 INFO  [o.n.k.i.DiagnosticsManager] org.neo4j.server.database.location=\\Gwscistud\stud\G00297086\Documents\GitHub\project-template\constituencies.graphdb
2016-04-11 18:57:25.184+0000 INFO  [o.n.k.i.DiagnosticsManager] dbms.querylog.filename=data/log/queries.log
2016-04-11 18:57:25.184+0000 INFO  [o.n.k.i.DiagnosticsManager] dbms.security.auth_store.location=\\Gwscistud\stud\G00297086\Documents\GitHub\project-template\constituencies.graphdb\.\dbms\auth
2016-04-11 18:57:25.184+0000 INFO  [o.n.k.i.DiagnosticsManager] dbms.security.tls_certificate_file=\\Gwscistud\stud\G00297086\Documents\GitHub\project-template\constituencies.graphdb\.\dbms\ssl\snakeoil.cert
2016-04-11 18:57:25.184+0000 INFO  [o.n.k.i.DiagnosticsManager] remote_shell_enabled=true
2016-04-11 18:57:25.184+0000 INFO  [o.n.k.i.DiagnosticsManager] edition=Community
2016-04-11 18:57:25.184+0000 INFO  [o.n.k.i.DiagnosticsManager] dbms.security.tls_key_file=\\Gwscistud\stud\G00297086\Documents\GitHub\project-template\constituencies.graphdb\.\dbms\ssl\snakeoil.key
2016-04-11 18:57:25.184+0000 INFO  [o.n.k.i.DiagnosticsManager] Diagnostics providers:
2016-04-11 18:57:25.184+0000 INFO  [o.n.k.i.DiagnosticsManager] org.neo4j.kernel.configuration.Config
2016-04-11 18:57:25.184+0000 INFO  [o.n.k.i.DiagnosticsManager] org.neo4j.kernel.info.DiagnosticsManager
2016-04-11 18:57:25.184+0000 INFO  [o.n.k.i.DiagnosticsManager] SYSTEM_MEMORY
2016-04-11 18:57:25.184+0000 INFO  [o.n.k.i.DiagnosticsManager] JAVA_MEMORY
2016-04-11 18:57:25.184+0000 INFO  [o.n.k.i.DiagnosticsManager] OPERATING_SYSTEM
2016-04-11 18:57:25.184+0000 INFO  [o.n.k.i.DiagnosticsManager] JAVA_VIRTUAL_MACHINE
2016-04-11 18:57:25.184+0000 INFO  [o.n.k.i.DiagnosticsManager] CLASSPATH
2016-04-11 18:57:25.184+0000 INFO  [o.n.k.i.DiagnosticsManager] LIBRARY_PATH
2016-04-11 18:57:25.184+0000 INFO  [o.n.k.i.DiagnosticsManager] SYSTEM_PROPERTIES
2016-04-11 18:57:25.184+0000 INFO  [o.n.k.i.DiagnosticsManager] NETWORK
2016-04-11 18:57:25.184+0000 INFO  [o.n.k.i.DiagnosticsManager] System memory information:
2016-04-11 18:57:25.184+0000 INFO  [o.n.k.i.DiagnosticsManager] Total Physical memory: 7.89 GB
2016-04-11 18:57:25.185+0000 INFO  [o.n.k.i.DiagnosticsManager] Free Physical memory: 4.36 GB
2016-04-11 18:57:25.185+0000 INFO  [o.n.k.i.DiagnosticsManager] Committed virtual memory: 670.70 MB
2016-04-11 18:57:25.185+0000 INFO  [o.n.k.i.DiagnosticsManager] Total swap space: 15.78 GB
2016-04-11 18:57:25.185+0000 INFO  [o.n.k.i.DiagnosticsManager] Free swap space: 11.42 GB
2016-04-11 18:57:25.185+0000 INFO  [o.n.k.i.DiagnosticsManager] JVM memory information:
2016-04-11 18:57:25.185+0000 INFO  [o.n.k.i.DiagnosticsManager] Free  memory: 108.51 MB
2016-04-11 18:57:25.185+0000 INFO  [o.n.k.i.DiagnosticsManager] Total memory: 321.50 MB
2016-04-11 18:57:25.185+0000 INFO  [o.n.k.i.DiagnosticsManager] Max   memory: 1.75 GB
2016-04-11 18:57:25.185+0000 INFO  [o.n.k.i.DiagnosticsManager] Garbage Collector: PS Scavenge: [PS Eden Space, PS Survivor Space]
2016-04-11 18:57:25.185+0000 INFO  [o.n.k.i.DiagnosticsManager] Garbage Collector: PS MarkSweep: [PS Eden Space, PS Survivor Space, PS Old Gen, PS Perm Gen]
2016-04-11 18:57:25.186+0000 INFO  [o.n.k.i.DiagnosticsManager] Memory Pool: Code Cache (Non-heap memory): committed=2.44 MB, used=2.02 MB, max=48.00 MB, threshold=0.00 B
2016-04-11 18:57:25.186+0000 INFO  [o.n.k.i.DiagnosticsManager] Memory Pool: PS Eden Space (Heap memory): committed=211.00 MB, used=154.23 MB, max=621.00 MB, threshold=?
2016-04-11 18:57:25.186+0000 INFO  [o.n.k.i.DiagnosticsManager] Memory Pool: PS Survivor Space (Heap memory): committed=26.50 MB, used=2.03 MB, max=26.50 MB, threshold=?
2016-04-11 18:57:25.186+0000 INFO  [o.n.k.i.DiagnosticsManager] Memory Pool: PS Old Gen (Heap memory): committed=84.00 MB, used=56.73 MB, max=1.31 GB, threshold=0.00 B
2016-04-11 18:57:25.187+0000 INFO  [o.n.k.i.DiagnosticsManager] Memory Pool: PS Perm Gen (Non-heap memory): committed=61.00 MB, used=60.89 MB, max=82.00 MB, threshold=0.00 B
2016-04-11 18:57:25.187+0000 INFO  [o.n.k.i.DiagnosticsManager] Operating system information:
2016-04-11 18:57:25.187+0000 INFO  [o.n.k.i.DiagnosticsManager] Operating System: Windows 7; version: 6.1; arch: amd64; cpus: 4
2016-04-11 18:57:25.188+0000 INFO  [o.n.k.i.DiagnosticsManager] Process id: 12164@CR116
2016-04-11 18:57:25.188+0000 INFO  [o.n.k.i.DiagnosticsManager] Byte order: LITTLE_ENDIAN
2016-04-11 18:57:25.188+0000 INFO  [o.n.k.i.DiagnosticsManager] Local timezone: Europe/Samara
2016-04-11 18:57:25.188+0000 INFO  [o.n.k.i.DiagnosticsManager] JVM information:
2016-04-11 18:57:25.188+0000 INFO  [o.n.k.i.DiagnosticsManager] VM Name: Java HotSpot(TM) 64-Bit Server VM
2016-04-11 18:57:25.188+0000 INFO  [o.n.k.i.DiagnosticsManager] VM Vendor: Oracle Corporation
2016-04-11 18:57:25.188+0000 INFO  [o.n.k.i.DiagnosticsManager] VM Version: 24.80-b11
2016-04-11 18:57:25.188+0000 INFO  [o.n.k.i.DiagnosticsManager] JIT compiler: HotSpot 64-Bit Tiered Compilers
2016-04-11 18:57:25.188+0000 INFO  [o.n.k.i.DiagnosticsManager] VM Arguments: [-Dexe4j.semaphoreName=Local\i:_neo4j_ce_2.3.3_bin_neo4j-ce.exe, -Dexe4j.isInstall4j=true, -Dexe4j.moduleName=I:\Neo4j CE 2.3.3\bin\neo4j-ce.exe, -Dexe4j.tempDir=, -Dexe4j.unextractedPosition=0, -Djava.library.path=C:\ProgramData\Oracle\Java\javapath;C:\Windows\system32;C:\Windows;C:\Windows\System32\Wbem;C:\Windows\System32\WindowsPowerShell\v1.0\;C:\Program Files\Java\jdk1.8.0_45\bin;C:\apache-ant-1.9.5\bin;c:\Program Files (x86)\Microsoft SQL Server\100\Tools\Binn\;c:\Program Files\Microsoft SQL Server\100\Tools\Binn\;c:\Program Files\Microsoft SQL Server\100\DTS\Binn\;C:\Program Files (x86)\GNU\GnuPG\pub;C:\Program Files (x86)\Common Files\Sage SData\;u:\node;C:\Program Files (x86)\Brackets\command;C:\Program Files (x86)\Novell\ZENworks\bin;i:\neo4j ce 2.3.3\jre\bin, -Dexe4j.consoleCodepage=cp0, -Dinstall4j.launcherId=24, -Dinstall4j.swt=false]
2016-04-11 18:57:25.188+0000 INFO  [o.n.k.i.DiagnosticsManager] Java classpath:
2016-04-11 18:57:25.215+0000 INFO  [o.n.k.i.DiagnosticsManager]  [loader.1] file:/I:/Neo4j%20CE%202.3.3/jre/lib/ext/sunmscapi.jar
2016-04-11 18:57:25.215+0000 INFO  [o.n.k.i.DiagnosticsManager]  [loader.1] file:/I:/Neo4j%20CE%202.3.3/jre/lib/ext/jaccess.jar
2016-04-11 18:57:25.215+0000 INFO  [o.n.k.i.DiagnosticsManager]  [loader.1] file:/I:/Neo4j%20CE%202.3.3/jre/lib/ext/access-bridge-64.jar
2016-04-11 18:57:25.215+0000 INFO  [o.n.k.i.DiagnosticsManager]  [bootstrap] I:\Neo4j CE 2.3.3\jre\lib\charsets.jar
2016-04-11 18:57:25.215+0000 INFO  [o.n.k.i.DiagnosticsManager]  [bootstrap] I:\Neo4j CE 2.3.3\jre\classes
2016-04-11 18:57:25.215+0000 INFO  [o.n.k.i.DiagnosticsManager]  [loader.0] file:/I:/Neo4j%20CE%202.3.3/.install4j/i4jruntime.jar
2016-04-11 18:57:25.215+0000 INFO  [o.n.k.i.DiagnosticsManager]  [bootstrap] I:\Neo4j CE 2.3.3\jre\lib\jsse.jar
2016-04-11 18:57:25.215+0000 INFO  [o.n.k.i.DiagnosticsManager]  [loader.1] file:/I:/Neo4j%20CE%202.3.3/jre/lib/ext/sunjce_provider.jar
2016-04-11 18:57:25.215+0000 INFO  [o.n.k.i.DiagnosticsManager]  [loader.1] file:/I:/Neo4j%20CE%202.3.3/jre/lib/ext/dnsns.jar
2016-04-11 18:57:25.215+0000 INFO  [o.n.k.i.DiagnosticsManager]  [loader.0] file:/I:/Neo4j%20CE%202.3.3/bin/
2016-04-11 18:57:25.215+0000 INFO  [o.n.k.i.DiagnosticsManager]  [loader.1] file:/I:/Neo4j%20CE%202.3.3/jre/lib/ext/zipfs.jar
2016-04-11 18:57:25.215+0000 INFO  [o.n.k.i.DiagnosticsManager]  [loader.1] file:/I:/Neo4j%20CE%202.3.3/jre/lib/ext/sunec.jar
2016-04-11 18:57:25.215+0000 INFO  [o.n.k.i.DiagnosticsManager]  [bootstrap] I:\Neo4j CE 2.3.3\jre\lib\sunrsasign.jar
2016-04-11 18:57:25.215+0000 INFO  [o.n.k.i.DiagnosticsManager]  [classpath] I:\Neo4j CE 2.3.3\.install4j\i4jruntime.jar
2016-04-11 18:57:25.216+0000 INFO  [o.n.k.i.DiagnosticsManager]  [bootstrap] I:\Neo4j CE 2.3.3\jre\lib\jfr.jar
2016-04-11 18:57:25.216+0000 INFO  [o.n.k.i.DiagnosticsManager]  [bootstrap] I:\Neo4j CE 2.3.3\jre\lib\rt.jar
2016-04-11 18:57:25.216+0000 INFO  [o.n.k.i.DiagnosticsManager]  [loader.1] file:/I:/Neo4j%20CE%202.3.3/jre/lib/ext/dns_sd.jar
2016-04-11 18:57:25.216+0000 INFO  [o.n.k.i.DiagnosticsManager]  [classpath] I:\Neo4j CE 2.3.3\bin\neo4j-desktop-2.3.3.jar
2016-04-11 18:57:25.216+0000 INFO  [o.n.k.i.DiagnosticsManager]  [loader.0] file:/I:/Neo4j%20CE%202.3.3/bin/neo4j-desktop-2.3.3.jar
2016-04-11 18:57:25.216+0000 INFO  [o.n.k.i.DiagnosticsManager]  [loader.1] file:/I:/Neo4j%20CE%202.3.3/jre/lib/ext/localedata.jar
2016-04-11 18:57:25.216+0000 INFO  [o.n.k.i.DiagnosticsManager]  [bootstrap] I:\Neo4j CE 2.3.3\jre\lib\jce.jar
2016-04-11 18:57:25.216+0000 INFO  [o.n.k.i.DiagnosticsManager]  [bootstrap] I:\Neo4j CE 2.3.3\jre\lib\resources.jar
2016-04-11 18:57:25.216+0000 INFO  [o.n.k.i.DiagnosticsManager] Library path:
2016-04-11 18:57:25.217+0000 INFO  [o.n.k.i.DiagnosticsManager] C:\ProgramData\Oracle\Java\javapath
2016-04-11 18:57:25.217+0000 INFO  [o.n.k.i.DiagnosticsManager] C:\Windows\System32
2016-04-11 18:57:25.217+0000 INFO  [o.n.k.i.DiagnosticsManager] C:\Windows
2016-04-11 18:57:25.217+0000 INFO  [o.n.k.i.DiagnosticsManager] C:\Windows\System32\wbem
2016-04-11 18:57:25.218+0000 INFO  [o.n.k.i.DiagnosticsManager] C:\Windows\System32\WindowsPowerShell\v1.0
2016-04-11 18:57:25.218+0000 INFO  [o.n.k.i.DiagnosticsManager] C:\Program Files\Java\jdk1.8.0_45\bin
2016-04-11 18:57:25.218+0000 INFO  [o.n.k.i.DiagnosticsManager] C:\apache-ant-1.9.5\bin
2016-04-11 18:57:25.218+0000 INFO  [o.n.k.i.DiagnosticsManager] C:\Program Files (x86)\Microsoft SQL Server\100\Tools\Binn
2016-04-11 18:57:25.219+0000 INFO  [o.n.k.i.DiagnosticsManager] C:\Program Files\Microsoft SQL Server\100\Tools\Binn
2016-04-11 18:57:25.219+0000 INFO  [o.n.k.i.DiagnosticsManager] C:\Program Files\Microsoft SQL Server\100\DTS\Binn
2016-04-11 18:57:25.219+0000 INFO  [o.n.k.i.DiagnosticsManager] C:\Program Files (x86)\GNU\GnuPG\pub
2016-04-11 18:57:25.219+0000 INFO  [o.n.k.i.DiagnosticsManager] C:\Program Files (x86)\Common Files\Sage SData
2016-04-11 18:57:25.221+0000 INFO  [o.n.k.i.DiagnosticsManager] U:\node
2016-04-11 18:57:25.222+0000 INFO  [o.n.k.i.DiagnosticsManager] C:\Program Files (x86)\Brackets\command
2016-04-11 18:57:25.222+0000 INFO  [o.n.k.i.DiagnosticsManager] C:\Program Files (x86)\Novell\ZENworks\bin
2016-04-11 18:57:25.225+0000 INFO  [o.n.k.i.DiagnosticsManager] I:\Neo4j CE 2.3.3\jre\bin
2016-04-11 18:57:25.225+0000 INFO  [o.n.k.i.DiagnosticsManager] System.properties:
2016-04-11 18:57:25.225+0000 INFO  [o.n.k.i.DiagnosticsManager] exe4j.moduleName = I:\Neo4j CE 2.3.3\bin\neo4j-ce.exe
2016-04-11 18:57:25.225+0000 INFO  [o.n.k.i.DiagnosticsManager] exe4j.semaphoreName = Local\i:_neo4j_ce_2.3.3_bin_neo4j-ce.exe
2016-04-11 18:57:25.225+0000 INFO  [o.n.k.i.DiagnosticsManager] sun.boot.library.path = i:\neo4j ce 2.3.3\jre\bin
2016-04-11 18:57:25.225+0000 INFO  [o.n.k.i.DiagnosticsManager] exe4j.consoleCodepage = cp0
2016-04-11 18:57:25.225+0000 INFO  [o.n.k.i.DiagnosticsManager] path.separator = ;
2016-04-11 18:57:25.225+0000 INFO  [o.n.k.i.DiagnosticsManager] file.encoding.pkg = sun.io
2016-04-11 18:57:25.225+0000 INFO  [o.n.k.i.DiagnosticsManager] user.country = IE
2016-04-11 18:57:25.225+0000 INFO  [o.n.k.i.DiagnosticsManager] user.script = 
2016-04-11 18:57:25.225+0000 INFO  [o.n.k.i.DiagnosticsManager] sun.os.patch.level = Service Pack 1
2016-04-11 18:57:25.225+0000 INFO  [o.n.k.i.DiagnosticsManager] install4j.exeDir = I:\Neo4j CE 2.3.3\bin\
2016-04-11 18:57:25.225+0000 INFO  [o.n.k.i.DiagnosticsManager] user.dir = I:\Neo4j CE 2.3.3\bin
2016-04-11 18:57:25.225+0000 INFO  [o.n.k.i.DiagnosticsManager] neo4j.ext.udc.source = desktop
2016-04-11 18:57:25.225+0000 INFO  [o.n.k.i.DiagnosticsManager] user.variant = 
2016-04-11 18:57:25.225+0000 INFO  [o.n.k.i.DiagnosticsManager] exe4j.tempDir = 
2016-04-11 18:57:25.225+0000 INFO  [o.n.k.i.DiagnosticsManager] sun.jnu.encoding = Cp1252
2016-04-11 18:57:25.225+0000 INFO  [o.n.k.i.DiagnosticsManager] sun.awt.enableExtraMouseButtons = true
2016-04-11 18:57:25.225+0000 INFO  [o.n.k.i.DiagnosticsManager] install4j.launcherId = 24
2016-04-11 18:57:25.225+0000 INFO  [o.n.k.i.DiagnosticsManager] sun.management.compiler = HotSpot 64-Bit Tiered Compilers
2016-04-11 18:57:25.225+0000 INFO  [o.n.k.i.DiagnosticsManager] exe4j.isInstall4j = true
2016-04-11 18:57:25.225+0000 INFO  [o.n.k.i.DiagnosticsManager] install4j.swt = false
2016-04-11 18:57:25.225+0000 INFO  [o.n.k.i.DiagnosticsManager] user.home = C:\Users\g00297086
2016-04-11 18:57:25.225+0000 INFO  [o.n.k.i.DiagnosticsManager] user.timezone = Europe/Samara
2016-04-11 18:57:25.225+0000 INFO  [o.n.k.i.DiagnosticsManager] file.encoding = Cp1252
2016-04-11 18:57:25.225+0000 INFO  [o.n.k.i.DiagnosticsManager] user.name = g00297086
2016-04-11 18:57:25.225+0000 INFO  [o.n.k.i.DiagnosticsManager] sun.java.command = I:\Neo4j CE 2.3.3\bin\neo4j-ce.exe
2016-04-11 18:57:25.225+0000 INFO  [o.n.k.i.DiagnosticsManager] sun.arch.data.model = 64
2016-04-11 18:57:25.225+0000 INFO  [o.n.k.i.DiagnosticsManager] exe4j.launchName = I:\Neo4j CE 2.3.3\bin\neo4j-ce.exe
2016-04-11 18:57:25.226+0000 INFO  [o.n.k.i.DiagnosticsManager] user.language = en
2016-04-11 18:57:25.226+0000 INFO  [o.n.k.i.DiagnosticsManager] awt.toolkit = sun.awt.windows.WToolkit
2016-04-11 18:57:25.226+0000 INFO  [o.n.k.i.DiagnosticsManager] exe4j.unextractedPosition = 0
2016-04-11 18:57:25.226+0000 INFO  [o.n.k.i.DiagnosticsManager] install4j.appDir = I:\Neo4j CE 2.3.3\
2016-04-11 18:57:25.226+0000 INFO  [o.n.k.i.DiagnosticsManager] file.separator = \
2016-04-11 18:57:25.226+0000 INFO  [o.n.k.i.DiagnosticsManager] sun.io.unicode.encoding = UnicodeLittle
2016-04-11 18:57:25.226+0000 INFO  [o.n.k.i.DiagnosticsManager] sun.cpu.endian = little
2016-04-11 18:57:25.226+0000 INFO  [o.n.k.i.DiagnosticsManager] sun.desktop = windows
2016-04-11 18:57:25.226+0000 INFO  [o.n.k.i.DiagnosticsManager] sun.cpu.isalist = amd64
2016-04-11 18:57:25.226+0000 INFO  [o.n.k.i.DiagnosticsManager] Network information:
2016-04-11 18:57:25.270+0000 INFO  [o.n.k.i.DiagnosticsManager] Interface Software Loopback Interface 1:
2016-04-11 18:57:25.270+0000 INFO  [o.n.k.i.DiagnosticsManager]     address: 127.0.0.1
2016-04-11 18:57:25.270+0000 INFO  [o.n.k.i.DiagnosticsManager]     address: 0:0:0:0:0:0:0:1
2016-04-11 18:57:25.270+0000 INFO  [o.n.k.i.DiagnosticsManager] Interface WAN Miniport (SSTP):
2016-04-11 18:57:25.270+0000 INFO  [o.n.k.i.DiagnosticsManager] Interface WAN Miniport (L2TP):
2016-04-11 18:57:25.270+0000 INFO  [o.n.k.i.DiagnosticsManager] Interface WAN Miniport (PPTP):
2016-04-11 18:57:25.270+0000 INFO  [o.n.k.i.DiagnosticsManager] Interface WAN Miniport (PPPOE):
2016-04-11 18:57:25.270+0000 INFO  [o.n.k.i.DiagnosticsManager] Interface WAN Miniport (IPv6):
2016-04-11 18:57:25.270+0000 INFO  [o.n.k.i.DiagnosticsManager] Interface WAN Miniport (Network Monitor):
2016-04-11 18:57:25.270+0000 INFO  [o.n.k.i.DiagnosticsManager] Interface WAN Miniport (IP):
2016-04-11 18:57:25.270+0000 INFO  [o.n.k.i.DiagnosticsManager] Interface RAS Async Adapter:
2016-04-11 18:57:25.271+0000 INFO  [o.n.k.i.DiagnosticsManager] Interface WAN Miniport (IKEv2):
2016-04-11 18:57:25.271+0000 INFO  [o.n.k.i.DiagnosticsManager] Interface VMware Virtual Ethernet Adapter for VMnet1:
2016-04-11 18:57:25.271+0000 INFO  [o.n.k.i.DiagnosticsManager]     address: 192.168.74.1
2016-04-11 18:57:25.271+0000 INFO  [o.n.k.i.DiagnosticsManager]     address: fe80:0:0:0:d9c2:e42c:36de:cf6f%11
2016-04-11 18:57:25.271+0000 INFO  [o.n.k.i.DiagnosticsManager] Interface VMware Virtual Ethernet Adapter for VMnet8:
2016-04-11 18:57:25.271+0000 INFO  [o.n.k.i.DiagnosticsManager]     address: 192.168.164.1
2016-04-11 18:57:25.271+0000 INFO  [o.n.k.i.DiagnosticsManager]     address: fe80:0:0:0:d0c3:afdf:6592:35e5%12
2016-04-11 18:57:25.271+0000 INFO  [o.n.k.i.DiagnosticsManager] Interface Microsoft ISATAP Adapter:
2016-04-11 18:57:25.272+0000 INFO  [o.n.k.i.DiagnosticsManager]     address: fe80:0:0:0:0:5efe:a02:22f%13
2016-04-11 18:57:25.272+0000 INFO  [o.n.k.i.DiagnosticsManager] Interface Microsoft ISATAP Adapter #2:
2016-04-11 18:57:25.272+0000 INFO  [o.n.k.i.DiagnosticsManager]     address: fe80:0:0:0:0:5efe:c0a8:4a01%14
2016-04-11 18:57:25.272+0000 INFO  [o.n.k.i.DiagnosticsManager] Interface Microsoft ISATAP Adapter #3:
2016-04-11 18:57:25.272+0000 INFO  [o.n.k.i.DiagnosticsManager]     address: fe80:0:0:0:0:5efe:c0a8:a401%15
2016-04-11 18:57:25.272+0000 INFO  [o.n.k.i.DiagnosticsManager] Interface Intel(R) 82579LM Gigabit Network Connection:
2016-04-11 18:57:25.272+0000 INFO  [o.n.k.i.DiagnosticsManager]     address: 10.2.2.47
2016-04-11 18:57:25.272+0000 INFO  [o.n.k.i.DiagnosticsManager]     address: fe80:0:0:0:7d7d:9638:43a4:e519%16
2016-04-11 18:57:25.272+0000 INFO  [o.n.k.i.DiagnosticsManager] Interface Intel(R) 82579LM Gigabit Network Connection-Novell ZESM Wireless Network Filter-0000:
2016-04-11 18:57:25.272+0000 INFO  [o.n.k.i.DiagnosticsManager] Interface Intel(R) 82579LM Gigabit Network Connection-Novell ZESM Firewall-0000:
2016-04-11 18:57:25.273+0000 INFO  [o.n.k.i.DiagnosticsManager] Interface Intel(R) 82579LM Gigabit Network Connection-Novell ZESM Wireless Network Filter-0001:
2016-04-11 18:57:25.273+0000 INFO  [o.n.k.i.DiagnosticsManager] Interface Intel(R) 82579LM Gigabit Network Connection-QoS Packet Scheduler-0000:
2016-04-11 18:57:25.273+0000 INFO  [o.n.k.i.DiagnosticsManager] Interface Intel(R) 82579LM Gigabit Network Connection-Novell ZESM Wireless Network Filter-0002:
2016-04-11 18:57:25.273+0000 INFO  [o.n.k.i.DiagnosticsManager] Interface Intel(R) 82579LM Gigabit Network Connection-WFP LightWeight Filter-0000:
2016-04-11 18:57:25.273+0000 INFO  [o.n.k.i.DiagnosticsManager] Interface Intel(R) 82579LM Gigabit Network Connection-Novell ZESM Wireless Network Filter-0003:
2016-04-11 18:57:25.273+0000 INFO  [o.n.k.i.DiagnosticsManager] Interface WAN Miniport (Network Monitor)-Novell ZESM Firewall-0000:
2016-04-11 18:57:25.273+0000 INFO  [o.n.k.i.DiagnosticsManager] Interface WAN Miniport (Network Monitor)-QoS Packet Scheduler-0000:
2016-04-11 18:57:25.273+0000 INFO  [o.n.k.i.DiagnosticsManager] Interface WAN Miniport (IP)-Novell ZESM Firewall-0000:
2016-04-11 18:57:25.273+0000 INFO  [o.n.k.i.DiagnosticsManager] Interface WAN Miniport (IP)-QoS Packet Scheduler-0000:
2016-04-11 18:57:25.273+0000 INFO  [o.n.k.i.DiagnosticsManager] Interface WAN Miniport (IPv6)-Novell ZESM Firewall-0000:
2016-04-11 18:57:25.273+0000 INFO  [o.n.k.i.DiagnosticsManager] Interface WAN Miniport (IPv6)-QoS Packet Scheduler-0000:
2016-04-11 18:57:25.273+0000 INFO  [o.n.k.i.DiagnosticsManager] --- INITIALIZED diagnostics END ---
2016-04-11 18:57:26.557+0000 INFO  [o.n.k.KernelHealth] Kernel health set to OK
2016-04-11 18:57:26.574+0000 INFO  [o.n.k.AvailabilityGuard] Fulfilling of requirement makes database available: Database available
2016-04-11 18:57:26.576+0000 INFO  [o.n.k.i.f.CommunityFacadeFactory] Database is now ready
2016-04-11 18:57:26.578+0000 INFO  [o.n.k.i.DiagnosticsManager] --- STARTED diagnostics for KernelDiagnostics:Versions START ---
2016-04-11 18:57:26.581+0000 INFO  [o.n.k.i.DiagnosticsManager] Graph Database: Community StoreId{creationTime=1457552802092, randomId=1977946274690558294, storeVersion=15250506225055238, upgradeTime=1457552802092, upgradeId=1}
2016-04-11 18:57:26.583+0000 INFO  [o.n.k.i.DiagnosticsManager] Kernel version: 2.3.3
2016-04-11 18:57:26.585+0000 INFO  [o.n.k.i.DiagnosticsManager] --- STARTED diagnostics for KernelDiagnostics:Versions END ---
2016-04-11 18:57:26.587+0000 INFO  [o.n.k.i.DiagnosticsManager] --- STARTED diagnostics for NEO_STORE_VERSIONS START ---
2016-04-11 18:57:26.589+0000 INFO  [o.n.k.i.DiagnosticsManager] Store versions:
2016-04-11 18:57:26.591+0000 INFO  [o.n.k.i.DiagnosticsManager] Store versions:
2016-04-11 18:57:26.593+0000 INFO  [o.n.k.i.DiagnosticsManager] ArrayPropertyStore v0.A.6
2016-04-11 18:57:26.597+0000 INFO  [o.n.k.i.DiagnosticsManager] NodeStore v0.A.6
2016-04-11 18:57:26.599+0000 INFO  [o.n.k.i.DiagnosticsManager] StringPropertyStore v0.A.6
2016-04-11 18:57:26.601+0000 INFO  [o.n.k.i.DiagnosticsManager] PropertyIndexStore v0.A.6
2016-04-11 18:57:26.602+0000 INFO  [o.n.k.i.DiagnosticsManager] StringPropertyStore v0.A.6
2016-04-11 18:57:26.604+0000 INFO  [o.n.k.i.DiagnosticsManager] ArrayPropertyStore v0.A.6
2016-04-11 18:57:26.606+0000 INFO  [o.n.k.i.DiagnosticsManager] PropertyStore v0.A.6
2016-04-11 18:57:26.607+0000 INFO  [o.n.k.i.DiagnosticsManager] RelationshipStore v0.A.6
2016-04-11 18:57:26.609+0000 INFO  [o.n.k.i.DiagnosticsManager] StringPropertyStore v0.A.6
2016-04-11 18:57:26.610+0000 INFO  [o.n.k.i.DiagnosticsManager] RelationshipTypeStore v0.A.6
2016-04-11 18:57:26.612+0000 INFO  [o.n.k.i.DiagnosticsManager] StringPropertyStore v0.A.6
2016-04-11 18:57:26.613+0000 INFO  [o.n.k.i.DiagnosticsManager] LabelTokenStore v0.A.6
2016-04-11 18:57:26.614+0000 INFO  [o.n.k.i.DiagnosticsManager] SchemaStore v0.A.6
2016-04-11 18:57:26.616+0000 INFO  [o.n.k.i.DiagnosticsManager] RelationshipGroupStore v0.A.6
2016-04-11 18:57:26.617+0000 INFO  [o.n.k.i.DiagnosticsManager] NeoStore v0.A.6
2016-04-11 18:57:26.619+0000 INFO  [o.n.k.i.DiagnosticsManager] --- STARTED diagnostics for NEO_STORE_VERSIONS END ---
2016-04-11 18:57:26.620+0000 INFO  [o.n.k.i.DiagnosticsManager] --- STARTED diagnostics for NEO_STORE_ID_USAGE START ---
2016-04-11 18:57:26.622+0000 INFO  [o.n.k.i.DiagnosticsManager] Id usage:
2016-04-11 18:57:26.624+0000 INFO  [o.n.k.i.DiagnosticsManager] Id usage:
2016-04-11 18:57:26.625+0000 INFO  [o.n.k.i.DiagnosticsManager]   ArrayPropertyStore v0.A.6: used=1 high=0
2016-04-11 18:57:26.627+0000 INFO  [o.n.k.i.DiagnosticsManager]   NodeStore v0.A.6: used=0 high=-1
2016-04-11 18:57:26.629+0000 INFO  [o.n.k.i.DiagnosticsManager]   StringPropertyStore v0.A.6: used=1 high=0
2016-04-11 18:57:26.630+0000 INFO  [o.n.k.i.DiagnosticsManager]   PropertyIndexStore v0.A.6: used=0 high=-1
2016-04-11 18:57:26.632+0000 INFO  [o.n.k.i.DiagnosticsManager]   StringPropertyStore v0.A.6: used=1 high=0
2016-04-11 18:57:26.634+0000 INFO  [o.n.k.i.DiagnosticsManager]   ArrayPropertyStore v0.A.6: used=1 high=0
2016-04-11 18:57:26.635+0000 INFO  [o.n.k.i.DiagnosticsManager]   PropertyStore v0.A.6: used=0 high=-1
2016-04-11 18:57:26.637+0000 INFO  [o.n.k.i.DiagnosticsManager]   RelationshipStore v0.A.6: used=0 high=-1
2016-04-11 18:57:26.639+0000 INFO  [o.n.k.i.DiagnosticsManager]   StringPropertyStore v0.A.6: used=1 high=0
2016-04-11 18:57:26.640+0000 INFO  [o.n.k.i.DiagnosticsManager]   RelationshipTypeStore v0.A.6: used=0 high=-1
2016-04-11 18:57:26.642+0000 INFO  [o.n.k.i.DiagnosticsManager]   StringPropertyStore v0.A.6: used=1 high=0
2016-04-11 18:57:26.644+0000 INFO  [o.n.k.i.DiagnosticsManager]   LabelTokenStore v0.A.6: used=0 high=-1
2016-04-11 18:57:26.645+0000 INFO  [o.n.k.i.DiagnosticsManager]   SchemaStore v0.A.6: used=1 high=0
2016-04-11 18:57:26.647+0000 INFO  [o.n.k.i.DiagnosticsManager]   RelationshipGroupStore v0.A.6: used=1 high=0
2016-04-11 18:57:26.648+0000 INFO  [o.n.k.i.DiagnosticsManager]   NeoStore v0.A.6: used=13 high=12
2016-04-11 18:57:26.650+0000 INFO  [o.n.k.i.DiagnosticsManager] --- STARTED diagnostics for NEO_STORE_ID_USAGE END ---
2016-04-11 18:57:26.653+0000 INFO  [o.n.k.i.DiagnosticsManager] --- STARTED diagnostics for NEO_STORE_RECORDS START ---
2016-04-11 18:57:26.655+0000 INFO  [o.n.k.i.DiagnosticsManager] Neostore records:
2016-04-11 18:57:26.658+0000 INFO  [o.n.k.i.DiagnosticsManager] TIME (Creation time): 1457552802092
2016-04-11 18:57:26.661+0000 INFO  [o.n.k.i.DiagnosticsManager] RANDOM_NUMBER (Random number for store id): 1977946274690558294
2016-04-11 18:57:26.663+0000 INFO  [o.n.k.i.DiagnosticsManager] LOG_VERSION (Current log version): 0
2016-04-11 18:57:26.665+0000 INFO  [o.n.k.i.DiagnosticsManager] LAST_TRANSACTION_ID (Last committed transaction): 1
2016-04-11 18:57:26.666+0000 INFO  [o.n.k.i.DiagnosticsManager] STORE_VERSION (Store format version): 15250506225055238
2016-04-11 18:57:26.668+0000 INFO  [o.n.k.i.DiagnosticsManager] FIRST_GRAPH_PROPERTY (First property record containing graph properties): -1
2016-04-11 18:57:26.670+0000 INFO  [o.n.k.i.DiagnosticsManager] LAST_CONSTRAINT_TRANSACTION (Last committed transaction containing constraint changes): 0
2016-04-11 18:57:26.671+0000 INFO  [o.n.k.i.DiagnosticsManager] UPGRADE_TRANSACTION_ID (Transaction id most recent upgrade was performed at): 1
2016-04-11 18:57:26.673+0000 INFO  [o.n.k.i.DiagnosticsManager] UPGRADE_TIME (Time of last upgrade): 1457552802092
2016-04-11 18:57:26.675+0000 INFO  [o.n.k.i.DiagnosticsManager] LAST_TRANSACTION_CHECKSUM (Checksum of last committed transaction): 0
2016-04-11 18:57:26.677+0000 INFO  [o.n.k.i.DiagnosticsManager] UPGRADE_TRANSACTION_CHECKSUM (Checksum of transaction id the most recent upgrade was performed at): 0
2016-04-11 18:57:26.679+0000 INFO  [o.n.k.i.DiagnosticsManager] LAST_CLOSED_TRANSACTION_LOG_VERSION (Log version where the last transaction commit entry has been written into): 0
2016-04-11 18:57:26.681+0000 INFO  [o.n.k.i.DiagnosticsManager] LAST_CLOSED_TRANSACTION_LOG_BYTE_OFFSET (Byte offset in the log file where the last transaction commit entry has been written into): 16
2016-04-11 18:57:26.682+0000 INFO  [o.n.k.i.DiagnosticsManager] --- STARTED diagnostics for NEO_STORE_RECORDS END ---
2016-04-11 18:57:26.684+0000 INFO  [o.n.k.i.DiagnosticsManager] --- STARTED diagnostics for TRANSACTION_RANGE START ---
2016-04-11 18:57:26.685+0000 INFO  [o.n.k.i.DiagnosticsManager] Transaction log:
2016-04-11 18:57:26.691+0000 INFO  [o.n.k.i.DiagnosticsManager] Oldest transaction 2 found in log with version 0
2016-04-11 18:57:26.693+0000 INFO  [o.n.k.i.DiagnosticsManager] --- STARTED diagnostics for TRANSACTION_RANGE END ---
2016-04-11 18:57:26.695+0000 INFO  [o.n.k.i.DiagnosticsManager] --- STARTED diagnostics for KernelDiagnostics:StoreFiles START ---
2016-04-11 18:57:26.722+0000 INFO  [o.n.k.i.DiagnosticsManager] Disk space on partition (Total / Free / Free %): 2198900568064 / 817558626304 / 37
Storage files: (filename : modification date - size)
2016-04-11 18:57:26.728+0000 INFO  [o.n.k.i.DiagnosticsManager]   dbms:
2016-04-11 18:57:26.732+0000 INFO  [o.n.k.i.DiagnosticsManager]     auth: 2016-04-11T22:52:56+0400 - 138.00 B
2016-04-11 18:57:26.735+0000 INFO  [o.n.k.i.DiagnosticsManager]     ssl:
2016-04-11 18:57:26.738+0000 INFO  [o.n.k.i.DiagnosticsManager]       snakeoil.cert: 2016-04-11T22:52:56+0400 - 640.00 B
2016-04-11 18:57:26.740+0000 INFO  [o.n.k.i.DiagnosticsManager]       snakeoil.key: 2016-04-11T22:52:56+0400 - 928.00 B
2016-04-11 18:57:26.742+0000 INFO  [o.n.k.i.DiagnosticsManager]     - Total: 2016-04-11T22:52:56+0400 - 1.53 kB
2016-04-11 18:57:26.744+0000 INFO  [o.n.k.i.DiagnosticsManager]   - Total: 2016-04-11T22:52:56+0400 - 1.67 kB
2016-04-11 18:57:26.746+0000 INFO  [o.n.k.i.DiagnosticsManager]   index:
2016-04-11 18:57:26.748+0000 INFO  [o.n.k.i.DiagnosticsManager]   - Total: 2016-04-11T22:57:24+0400 - 0.00 B
2016-04-11 18:57:26.750+0000 INFO  [o.n.k.i.DiagnosticsManager]   messages.log: 2016-04-11T22:57:24+0400 - 58.24 kB
2016-04-11 18:57:26.752+0000 INFO  [o.n.k.i.DiagnosticsManager]   neo4j.properties: 2016-04-11T22:52:56+0400 - 1.30 kB
2016-04-11 18:57:26.754+0000 INFO  [o.n.k.i.DiagnosticsManager]   neostore: 2016-04-11T22:52:56+0400 - 8.00 kB
2016-04-11 18:57:26.756+0000 INFO  [o.n.k.i.DiagnosticsManager]   neostore.counts.db.a: 2016-04-11T22:52:56+0400 - 96.00 B
2016-04-11 18:57:26.758+0000 INFO  [o.n.k.i.DiagnosticsManager]   neostore.id: 2016-04-11T22:57:24+0400 - 9.00 B
2016-04-11 18:57:26.760+0000 INFO  [o.n.k.i.DiagnosticsManager]   neostore.labeltokenstore.db: 2016-04-11T22:52:56+0400 - 0.00 B
2016-04-11 18:57:26.763+0000 INFO  [o.n.k.i.DiagnosticsManager]   neostore.labeltokenstore.db.id: 2016-04-11T22:57:24+0400 - 9.00 B
2016-04-11 18:57:26.765+0000 INFO  [o.n.k.i.DiagnosticsManager]   neostore.labeltokenstore.db.names: 2016-04-11T22:52:56+0400 - 8.00 kB
2016-04-11 18:57:26.767+0000 INFO  [o.n.k.i.DiagnosticsManager]   neostore.labeltokenstore.db.names.id: 2016-04-11T22:57:24+0400 - 9.00 B
2016-04-11 18:57:26.770+0000 INFO  [o.n.k.i.DiagnosticsManager]   neostore.nodestore.db: 2016-04-11T22:52:56+0400 - 0.00 B
2016-04-11 18:57:26.772+0000 INFO  [o.n.k.i.DiagnosticsManager]   neostore.nodestore.db.id: 2016-04-11T22:57:24+0400 - 9.00 B
2016-04-11 18:57:26.774+0000 INFO  [o.n.k.i.DiagnosticsManager]   neostore.nodestore.db.labels: 2016-04-11T22:52:56+0400 - 8.00 kB
2016-04-11 18:57:26.776+0000 INFO  [o.n.k.i.DiagnosticsManager]   neostore.nodestore.db.labels.id: 2016-04-11T22:57:24+0400 - 9.00 B
2016-04-11 18:57:26.778+0000 INFO  [o.n.k.i.DiagnosticsManager]   neostore.propertystore.db: 2016-04-11T22:52:56+0400 - 0.00 B
2016-04-11 18:57:26.780+0000 INFO  [o.n.k.i.DiagnosticsManager]   neostore.propertystore.db.arrays: 2016-04-11T22:52:56+0400 - 8.00 kB
2016-04-11 18:57:26.782+0000 INFO  [o.n.k.i.DiagnosticsManager]   neostore.propertystore.db.arrays.id: 2016-04-11T22:57:24+0400 - 9.00 B
2016-04-11 18:57:26.784+0000 INFO  [o.n.k.i.DiagnosticsManager]   neostore.propertystore.db.id: 2016-04-11T22:57:24+0400 - 9.00 B
2016-04-11 18:57:26.788+0000 INFO  [o.n.k.i.DiagnosticsManager]   neostore.propertystore.db.index: 2016-04-11T22:52:56+0400 - 0.00 B
2016-04-11 18:57:26.791+0000 INFO  [o.n.k.i.DiagnosticsManager]   neostore.propertystore.db.index.id: 2016-04-11T22:57:24+0400 - 9.00 B
2016-04-11 18:57:26.793+0000 INFO  [o.n.k.i.DiagnosticsManager]   neostore.propertystore.db.index.keys: 2016-04-11T22:52:56+0400 - 8.00 kB
2016-04-11 18:57:26.796+0000 INFO  [o.n.k.i.DiagnosticsManager]   neostore.propertystore.db.index.keys.id: 2016-04-11T22:57:24+0400 - 9.00 B
2016-04-11 18:57:26.798+0000 INFO  [o.n.k.i.DiagnosticsManager]   neostore.propertystore.db.strings: 2016-04-11T22:52:56+0400 - 8.00 kB
2016-04-11 18:57:26.801+0000 INFO  [o.n.k.i.DiagnosticsManager]   neostore.propertystore.db.strings.id: 2016-04-11T22:57:24+0400 - 9.00 B
2016-04-11 18:57:26.803+0000 INFO  [o.n.k.i.DiagnosticsManager]   neostore.relationshipgroupstore.db: 2016-04-11T22:52:56+0400 - 8.00 kB
2016-04-11 18:57:26.805+0000 INFO  [o.n.k.i.DiagnosticsManager]   neostore.relationshipgroupstore.db.id: 2016-04-11T22:57:24+0400 - 9.00 B
2016-04-11 18:57:26.808+0000 INFO  [o.n.k.i.DiagnosticsManager]   neostore.relationshipstore.db: 2016-04-11T22:52:56+0400 - 0.00 B
2016-04-11 18:57:26.810+0000 INFO  [o.n.k.i.DiagnosticsManager]   neostore.relationshipstore.db.id: 2016-04-11T22:57:24+0400 - 9.00 B
2016-04-11 18:57:26.812+0000 INFO  [o.n.k.i.DiagnosticsManager]   neostore.relationshiptypestore.db: 2016-04-11T22:52:56+0400 - 0.00 B
2016-04-11 18:57:26.814+0000 INFO  [o.n.k.i.DiagnosticsManager]   neostore.relationshiptypestore.db.id: 2016-04-11T22:57:24+0400 - 9.00 B
2016-04-11 18:57:26.816+0000 INFO  [o.n.k.i.DiagnosticsManager]   neostore.relationshiptypestore.db.names: 2016-04-11T22:52:56+0400 - 8.00 kB
2016-04-11 18:57:26.818+0000 INFO  [o.n.k.i.DiagnosticsManager]   neostore.relationshiptypestore.db.names.id: 2016-04-11T22:57:24+0400 - 9.00 B
2016-04-11 18:57:26.820+0000 INFO  [o.n.k.i.DiagnosticsManager]   neostore.schemastore.db: 2016-04-11T22:52:56+0400 - 8.00 kB
2016-04-11 18:57:26.822+0000 INFO  [o.n.k.i.DiagnosticsManager]   neostore.schemastore.db.id: 2016-04-11T22:57:24+0400 - 9.00 B
2016-04-11 18:57:26.824+0000 INFO  [o.n.k.i.DiagnosticsManager]   neostore.transaction.db.0: 2016-04-11T22:52:56+0400 - 34.00 B
2016-04-11 18:57:26.826+0000 INFO  [o.n.k.i.DiagnosticsManager]   schema:
2016-04-11 18:57:26.829+0000 INFO  [o.n.k.i.DiagnosticsManager]     label:
2016-04-11 18:57:26.831+0000 INFO  [o.n.k.i.DiagnosticsManager]       lucene:
2016-04-11 18:57:26.833+0000 INFO  [o.n.k.i.DiagnosticsManager]         segments.gen: 2016-04-11T22:52:56+0400 - 20.00 B
2016-04-11 18:57:26.836+0000 INFO  [o.n.k.i.DiagnosticsManager]         segments_1: 2016-04-11T22:52:56+0400 - 32.00 B
2016-04-11 18:57:26.839+0000 INFO  [o.n.k.i.DiagnosticsManager]         write.lock: 2016-04-11T22:57:24+0400 - 0.00 B
2016-04-11 18:57:26.841+0000 INFO  [o.n.k.i.DiagnosticsManager]       - Total: 2016-04-11T22:52:56+0400 - 52.00 B
2016-04-11 18:57:26.843+0000 INFO  [o.n.k.i.DiagnosticsManager]     - Total: 2016-04-11T22:52:56+0400 - 52.00 B
2016-04-11 18:57:26.845+0000 INFO  [o.n.k.i.DiagnosticsManager]   - Total: 2016-04-11T22:52:56+0400 - 52.00 B
2016-04-11 18:57:26.847+0000 INFO  [o.n.k.i.DiagnosticsManager]   store_lock: 2016-04-11T22:52:56+0400 - 0.00 B
2016-04-11 18:57:26.849+0000 INFO  [o.n.k.i.DiagnosticsManager] --- STARTED diagnostics for KernelDiagnostics:StoreFiles END ---
2016-04-11 18:57:26.868+0000 INFO  [o.n.k.i.DiagnosticsManager] --- SERVER STARTED START ---
2016-04-11 18:57:27.279+0000 WARN  [o.n.k.i.c.MonitorGc] GC Monitor: Application threads blocked for 202ms.
2016-04-11 18:57:28.015+0000 INFO  [o.n.k.i.DiagnosticsManager] --- SERVER STARTED END ---
2016-04-11 19:02:26.613+0000 INFO  [o.n.k.i.t.l.c.CheckPointerImpl] Check Pointing triggered by scheduler for time threshold [14]:  Starting check pointing...
2016-04-11 19:02:26.615+0000 INFO  [o.n.k.i.t.l.c.CheckPointerImpl] Check Pointing triggered by scheduler for time threshold [14]:  Starting store flush...
2016-04-11 19:02:26.690+0000 INFO  [o.n.k.i.s.c.CountsTracker] About to rotate counts store at transaction 14 to [\\Gwscistud\stud\G00297086\Documents\GitHub\project-template\constituencies.graphdb\neostore.counts.db.b], from [\\Gwscistud\stud\G00297086\Documents\GitHub\project-template\constituencies.graphdb\neostore.counts.db.a].
2016-04-11 19:02:26.706+0000 INFO  [o.n.k.i.s.c.CountsTracker] Successfully rotated counts store at transaction 14 to [\\Gwscistud\stud\G00297086\Documents\GitHub\project-template\constituencies.graphdb\neostore.counts.db.b], from [\\Gwscistud\stud\G00297086\Documents\GitHub\project-template\constituencies.graphdb\neostore.counts.db.a].
2016-04-11 19:02:26.749+0000 INFO  [o.n.k.i.t.l.c.CheckPointerImpl] Check Pointing triggered by scheduler for time threshold [14]:  Store flush completed
2016-04-11 19:02:26.751+0000 INFO  [o.n.k.i.t.l.c.CheckPointerImpl] Check Pointing triggered by scheduler for time threshold [14]:  Starting appending check point entry into the tx log...
2016-04-11 19:02:26.757+0000 INFO  [o.n.k.i.t.l.c.CheckPointerImpl] Check Pointing triggered by scheduler for time threshold [14]:  Appending check point entry into the tx log completed
2016-04-11 19:02:26.758+0000 INFO  [o.n.k.i.t.l.c.CheckPointerImpl] Check Pointing triggered by scheduler for time threshold [14]:  Check pointing completed
2016-04-11 19:02:26.760+0000 INFO  [o.n.k.i.t.l.p.LogPruningImpl] Log Rotation [0]:  Starting log pruning.
2016-04-11 19:02:26.761+0000 INFO  [o.n.k.i.t.l.p.LogPruningImpl] Log Rotation [0]:  Log pruning complete.
2016-04-11 19:07:26.807+0000 INFO  [o.n.k.i.t.l.c.CheckPointerImpl] Check Pointing triggered by scheduler for time threshold [18]:  Starting check pointing...
2016-04-11 19:07:26.809+0000 INFO  [o.n.k.i.t.l.c.CheckPointerImpl] Check Pointing triggered by scheduler for time threshold [18]:  Starting store flush...
2016-04-11 19:07:26.874+0000 INFO  [o.n.k.i.s.c.CountsTracker] About to rotate counts store at transaction 18 to [\\Gwscistud\stud\G00297086\Documents\GitHub\project-template\constituencies.graphdb\neostore.counts.db.a], from [\\Gwscistud\stud\G00297086\Documents\GitHub\project-template\constituencies.graphdb\neostore.counts.db.b].
2016-04-11 19:07:26.896+0000 INFO  [o.n.k.i.s.c.CountsTracker] Successfully rotated counts store at transaction 18 to [\\Gwscistud\stud\G00297086\Documents\GitHub\project-template\constituencies.graphdb\neostore.counts.db.a], from [\\Gwscistud\stud\G00297086\Documents\GitHub\project-template\constituencies.graphdb\neostore.counts.db.b].
2016-04-11 19:07:26.916+0000 INFO  [o.n.k.i.t.l.c.CheckPointerImpl] Check Pointing triggered by scheduler for time threshold [18]:  Store flush completed
2016-04-11 19:07:26.919+0000 INFO  [o.n.k.i.t.l.c.CheckPointerImpl] Check Pointing triggered by scheduler for time threshold [18]:  Starting appending check point entry into the tx log...
2016-04-11 19:07:26.924+0000 INFO  [o.n.k.i.t.l.c.CheckPointerImpl] Check Pointing triggered by scheduler for time threshold [18]:  Appending check point entry into the tx log completed
2016-04-11 19:07:26.926+0000 INFO  [o.n.k.i.t.l.c.CheckPointerImpl] Check Pointing triggered by scheduler for time threshold [18]:  Check pointing completed
2016-04-11 19:07:26.928+0000 INFO  [o.n.k.i.t.l.p.LogPruningImpl] Log Rotation [0]:  Starting log pruning.
2016-04-11 19:07:26.930+0000 INFO  [o.n.k.i.t.l.p.LogPruningImpl] Log Rotation [0]:  Log pruning complete.
